<?xml version="1.0" encoding="UTF-8"?>
<!-- Generated by org.testng.reporters.JUnitReportReporter -->
<testsuite skipped="0" hostname="DESKTOP-52HRD01" name="tests.logintofacebook" tests="1" failures="0" timestamp="10 Jun 2019 14:11:46 GMT" time="11.551" errors="0">
  <testcase name="usercanloginssuccessfully" time="11.551" classname="tests.logintofacebook"/>
</testsuite> <!-- tests.logintofacebook -->
