<?xml version="1.0" encoding="UTF-8"?>
<!-- Generated by org.testng.reporters.JUnitReportReporter -->
<testsuite skipped="0" hostname="Ibrahim" name="tests.simpletest" tests="2" failures="0" timestamp="23 Aug 2019 17:43:47 GMT" time="38.745" errors="0">
  <testcase name="VerifyLink" time="0.023" classname="tests.simpletest"/>
  <testcase name="testBrokenLinks" time="38.722" classname="tests.simpletest"/>
</testsuite> <!-- tests.simpletest -->
