<?xml version="1.0" encoding="UTF-8"?>
<!-- Generated by org.testng.reporters.JUnitReportReporter -->
<testsuite skipped="0" hostname="Ibrahim" name="tests.TesTCompetitionsPage" tests="12" failures="0" timestamp="2019-08-27T01:45:36 EET" time="135.594" errors="0">
  <testcase name="Open_Competitions_tab" time="7.208" classname="tests.TesTCompetitionsPage"/>
  <testcase name="Check_Menu_Tabs" time="0.077" classname="tests.TesTCompetitionsPage"/>
  <testcase name="Check_filter_tool_bar_fields" time="0.195" classname="tests.TesTCompetitionsPage"/>
  <testcase name="display_total_post_count" time="0.025" classname="tests.TesTCompetitionsPage"/>
  <testcase name="User_can_scroll_down" time="4.334" classname="tests.TesTCompetitionsPage"/>
  <testcase name="check_companies_counts" time="0.036" classname="tests.TesTCompetitionsPage"/>
  <testcase name="user_can_filter_by_company" time="0.191" classname="tests.TesTCompetitionsPage"/>
  <testcase name="check_source_counts" time="0.273" classname="tests.TesTCompetitionsPage"/>
  <testcase name="user_can_filter_by_source" time="0.201" classname="tests.TesTCompetitionsPage"/>
  <testcase name="user_can_filter_by_Tags" time="122.237" classname="tests.TesTCompetitionsPage"/>
  <testcase name="check_boosted_posts_" time="0.075" classname="tests.TesTCompetitionsPage"/>
  <testcase name="click_on_serach" time="0.742" classname="tests.TesTCompetitionsPage"/>
</testsuite> <!-- tests.TesTCompetitionsPage -->
