<?xml version="1.0" encoding="UTF-8"?>
<!-- Generated by org.testng.reporters.JUnitReportReporter -->
<testsuite skipped="0" hostname="Ibrahim" name="tests.justsmalltests" tests="6" failures="0" timestamp="25 Aug 2019 14:57:00 GMT" time="134.902" errors="0">
  <testcase name="Login" time="8.297" classname="tests.justsmalltests"/>
  <testcase name="OpenCompetitionstab1" time="2.509" classname="tests.justsmalltests"/>
  <testcase name="display_primary_menu" time="0.208" classname="tests.justsmalltests"/>
  <testcase name="display_page_Tabs" time="1.678" classname="tests.justsmalltests"/>
  <testcase name="display_total_post_count" time="2.009" classname="tests.justsmalltests"/>
  <testcase name="checkdatemenu" time="120.201" classname="tests.justsmalltests"/>
</testsuite> <!-- tests.justsmalltests -->
