<?xml version="1.0" encoding="UTF-8"?>
<!-- Generated by org.testng.reporters.JUnitReportReporter -->
<testsuite skipped="0" hostname="Ibrahim" name="tests.testfromcource" tests="1" failures="0" timestamp="23 Aug 2019 17:43:47 GMT" time="0.168" errors="0">
  <testcase name="testxandy" time="0.168" classname="tests.testfromcource"/>
</testsuite> <!-- tests.testfromcource -->
