<?xml version="1.0" encoding="UTF-8"?>
<!-- Generated by org.testng.reporters.JUnitReportReporter -->
<testsuite skipped="0" hostname="DESKTOP-52HRD01" name="tests.GlobalTabTest" tests="7" failures="0" timestamp="27 Jun 2019 11:47:42 GMT" time="27.575" errors="0">
  <testcase name="Login" time="2.831" classname="tests.GlobalTabTest"/>
  <testcase name="openglobalpage" time="2.973" classname="tests.GlobalTabTest"/>
  <testcase name="Scrolldown" time="3.041" classname="tests.GlobalTabTest"/>
  <testcase name="totalpostsdisplayed" time="0.061" classname="tests.GlobalTabTest"/>
  <testcase name="testBrokenLinks" time="18.668" classname="tests.GlobalTabTest"/>
  <testcase name="VerifyLink" time="0.001" classname="tests.GlobalTabTest"/>
  <testcase name="anotherTestMethod" time="0.000" classname="tests.GlobalTabTest"/>
</testsuite> <!-- tests.GlobalTabTest -->
