<?xml version="1.0" encoding="UTF-8"?>
<!-- Generated by org.testng.reporters.JUnitReportReporter -->
<testsuite skipped="0" hostname="Ibrahim" name="tests.TesTPostData" tests="4" failures="0" timestamp="2019-09-12T13:10:23 EET" time="385.855" errors="0">
  <testcase name="Open_Global_Page" time="3.672" classname="tests.TesTPostData"/>
  <testcase name="Check_Post_Data" time="120.135" classname="tests.TesTPostData"/>
  <testcase name="Check_Post_fields" time="0.060" classname="tests.TesTPostData"/>
  <testcase name="testBrokenLinks" time="261.988" classname="tests.TesTPostData"/>
</testsuite> <!-- tests.TesTPostData -->
