<?xml version="1.0" encoding="UTF-8"?>
<!-- Generated by org.testng.reporters.JUnitReportReporter -->
<testsuite skipped="0" hostname="DESKTOP-52HRD01" name="tests.TestScrolltobottom" tests="2" failures="0" timestamp="22 May 2019 13:05:26 GMT" time="7.835" errors="0">
  <testcase name="Login" time="3.764" classname="tests.TestScrolltobottom"/>
  <testcase name="Scrolldown" time="4.071" classname="tests.TestScrolltobottom"/>
</testsuite> <!-- tests.TestScrolltobottom -->
