<?xml version="1.0" encoding="UTF-8"?>
<!-- Generated by org.testng.reporters.JUnitReportReporter -->
<testsuite skipped="0" hostname="Ibrahim" name="tests.AdminLoginTest" tests="1" failures="0" timestamp="23 Aug 2019 18:38:41 GMT" time="17.490" errors="0">
  <testcase name="admin_can_login_ssuccessfully" time="17.490" classname="tests.AdminLoginTest"/>
</testsuite> <!-- tests.AdminLoginTest -->
