<?xml version="1.0" encoding="UTF-8"?>
<!-- Generated by org.testng.reporters.JUnitReportReporter -->
<testsuite skipped="0" hostname="DESKTOP-52HRD01" name="tests.ScrolltobottomTest" tests="4" failures="0" timestamp="27 May 2019 11:39:52 GMT" time="9.458" errors="0">
  <testcase name="Login" time="1.388" classname="tests.ScrolltobottomTest"/>
  <testcase name="openmypage" time="3.002" classname="tests.ScrolltobottomTest"/>
  <testcase name="Scrolldown" time="5.051" classname="tests.ScrolltobottomTest"/>
  <testcase name="totalpostsdisplayed" time="0.017" classname="tests.ScrolltobottomTest"/>
</testsuite> <!-- tests.ScrolltobottomTest -->
