<?xml version="1.0" encoding="UTF-8"?>
<!-- Generated by org.testng.reporters.JUnitReportReporter -->
<testsuite skipped="0" hostname="Ibrahim" name="tests.TesTBrokenLinks" tests="3" failures="0" timestamp="25 Aug 2019 13:15:42 GMT" time="186.282" errors="0">
  <testcase name="Open_Global_Page" time="4.744" classname="tests.TesTBrokenLinks"/>
  <testcase name="Check_Post_Data" time="0.116" classname="tests.TesTBrokenLinks"/>
  <testcase name="testBrokenLinks" time="181.422" classname="tests.TesTBrokenLinks"/>
</testsuite> <!-- tests.TesTBrokenLinks -->
