<?xml version="1.0" encoding="UTF-8"?>
<!-- Generated by org.testng.reporters.JUnitReportReporter -->
<testsuite skipped="0" hostname="DESKTOP-52HRD01" name="tests.opencommentpage" tests="3" failures="0" timestamp="19 Jun 2019 15:42:41 GMT" time="9.835" errors="0">
  <testcase name="Login" time="6.652" classname="tests.opencommentpage"/>
  <testcase name="openviewanalisyspage" time="2.855" classname="tests.opencommentpage"/>
  <testcase name="opencomments" time="0.328" classname="tests.opencommentpage"/>
</testsuite> <!-- tests.opencommentpage -->
