<?xml version="1.0" encoding="UTF-8"?>
<!-- Generated by org.testng.reporters.JUnitReportReporter -->
<testsuite skipped="0" hostname="Ibrahim" name="tests.TesTGlobalPage" tests="14" failures="0" timestamp="2019-08-26T15:33:55 EET" time="267.298" errors="0">
  <testcase name="Open_global_page" time="5.303" classname="tests.TesTGlobalPage"/>
  <testcase name="display_primary_menu" time="0.624" classname="tests.TesTGlobalPage"/>
  <testcase name="Check_Menu_Tabs" time="0.252" classname="tests.TesTGlobalPage"/>
  <testcase name="Check_filter_tool_bar_fields" time="0.298" classname="tests.TesTGlobalPage"/>
  <testcase name="display_total_post_count" time="0.053" classname="tests.TesTGlobalPage"/>
  <testcase name="User_can_scroll_down" time="1.097" classname="tests.TesTGlobalPage"/>
  <testcase name="check_companies_counts" time="120.103" classname="tests.TesTGlobalPage"/>
  <testcase name="user_can_filter_by_date" time="10.261" classname="tests.TesTGlobalPage"/>
  <testcase name="user_can_filter_by_company" time="120.018" classname="tests.TesTGlobalPage"/>
  <testcase name="check_source_counts" time="0.097" classname="tests.TesTGlobalPage"/>
  <testcase name="user_can_filter_by_source" time="0.172" classname="tests.TesTGlobalPage"/>
  <testcase name="user_can_filter_by_Tags" time="7.947" classname="tests.TesTGlobalPage"/>
  <testcase name="check_boosted_posts_" time="0.069" classname="tests.TesTGlobalPage"/>
  <testcase name="click_on_serach" time="1.004" classname="tests.TesTGlobalPage"/>
</testsuite> <!-- tests.TesTGlobalPage -->
