<?xml version="1.0" encoding="UTF-8"?>
<!-- Generated by org.testng.reporters.JUnitReportReporter -->
<testsuite skipped="0" hostname="DESKTOP-52HRD01" name="tests.CheckAllBrokenLinks" tests="2" failures="0" timestamp="09 Jun 2019 13:35:55 GMT" time="8.550" errors="0">
  <testcase name="Login" time="1.785" classname="tests.CheckAllBrokenLinks"/>
  <testcase name="testBrokenLinks" time="6.765" classname="tests.CheckAllBrokenLinks"/>
</testsuite> <!-- tests.CheckAllBrokenLinks -->
