<?xml version="1.0" encoding="UTF-8"?>
<!-- Generated by org.testng.reporters.JUnitReportReporter -->
<testsuite skipped="0" hostname="Ibrahim" name="Pages.FindByElements" tests="1" failures="0" timestamp="23 Aug 2019 17:43:47 GMT" time="0.488" errors="0">
  <testcase name="testFindElements" time="0.488" classname="Pages.FindByElements"/>
</testsuite> <!-- Pages.FindByElements -->
