<?xml version="1.0" encoding="UTF-8"?>
<!-- Generated by org.testng.reporters.JUnitReportReporter -->
<testsuite skipped="1" hostname="Ibrahim" name="tests.DatePickerTest" tests="1" failures="0" timestamp="23 Aug 2019 17:43:47 GMT" time="0.000" errors="0">
  <testcase name="dateTest" time="0.000" classname="tests.DatePickerTest">
    <skipped/>
  </testcase> <!-- dateTest -->
</testsuite> <!-- tests.DatePickerTest -->
