<?xml version="1.0" encoding="UTF-8"?>
<!-- Generated by org.testng.reporters.JUnitReportReporter -->
<testsuite skipped="0" hostname="Ibrahim" name="tests.CompetitionsTabTest" tests="1" failures="0" timestamp="23 Aug 2019 18:38:41 GMT" time="5.883" errors="0">
  <testcase name="Login" time="5.883" classname="tests.CompetitionsTabTest"/>
</testsuite> <!-- tests.CompetitionsTabTest -->
