<?xml version="1.0" encoding="UTF-8"?>
<!-- Generated by org.testng.reporters.JUnitReportReporter -->
<testsuite skipped="0" hostname="Ibrahim" name="tests.TestWatchPage" tests="3" failures="0" timestamp="2019-09-26T14:09:19 EET" time="12.501" errors="0">
  <testcase name="Open_Competitions_tab" time="4.290" classname="tests.TestWatchPage"/>
  <testcase name="flightDeals" time="3.661" classname="tests.TestWatchPage"/>
  <testcase name="flightDeals" time="4.550" classname="tests.TestWatchPage"/>
</testsuite> <!-- tests.TestWatchPage -->
