<?xml version="1.0" encoding="UTF-8"?>
<!-- Generated by org.testng.reporters.JUnitReportReporter -->
<testsuite skipped="0" hostname="Ibrahim" name="Training.testdowhile" tests="1" failures="0" timestamp="23 Aug 2019 17:43:47 GMT" time="0.002" errors="0">
  <testcase name="testdowhile" time="0.002" classname="Training.testdowhile"/>
</testsuite> <!-- Training.testdowhile -->
