<?xml version="1.0" encoding="UTF-8"?>
<!-- Generated by org.testng.reporters.JUnitReportReporter -->
<testsuite skipped="0" hostname="Ibrahim" name="tests.MyPageTest" tests="3" failures="0" timestamp="23 Aug 2019 22:40:10 GMT" time="9.113" errors="0">
  <testcase name="Login" time="7.927" classname="tests.MyPageTest"/>
  <testcase name="openmypagepage" time="1.067" classname="tests.MyPageTest"/>
  <testcase name="databloks" time="0.119" classname="tests.MyPageTest"/>
</testsuite> <!-- tests.MyPageTest -->
